<?xml version="1.0" encoding="UTF-8"?>
<!-- Generated by org.testng.reporters.JUnitReportReporter -->
<testsuite skipped="0" hostname="KISHORE" name="ssaapp.AutoIt2" tests="1" failures="0" timestamp="28 Mar 2017 17:14:06 GMT" time="7.871" errors="0">
  <testcase name="handlewindow" time="7.871" classname="ssaapp.AutoIt2"/>
</testsuite> <!-- ssaapp.AutoIt2 -->
