<?xml version="1.0" encoding="UTF-8"?>
<!-- Generated by org.testng.reporters.JUnitReportReporter -->
<testsuite skipped="1" hostname="KISHORE" name="ssaapp.MultipleWindows" tests="2" failures="0" timestamp="30 Jul 2017 14:24:39 GMT" time="36.105" errors="0">
  <testcase name="testMultiwindows" time="36.105" classname="ssaapp.MultipleWindows"/>
  <testcase name="multiwindows" classname="ssaapp.MultipleWindows">
    <skipped/>
  </testcase> <!-- multiwindows -->
</testsuite> <!-- ssaapp.MultipleWindows -->
