<?xml version="1.0" encoding="UTF-8"?>
<!-- Generated by org.testng.reporters.JUnitReportReporter -->
<testsuite skipped="0" hostname="KISHORE" name="ssaapp.TestMethod" tests="1" failures="0" timestamp="17 Mar 2017 13:34:26 GMT" time="11.314" errors="0">
  <testcase name="tbinglinkschecking" time="11.314" classname="ssaapp.TestMethod"/>
</testsuite> <!-- ssaapp.TestMethod -->
