<?xml version="1.0" encoding="UTF-8"?>
<!-- Generated by org.testng.reporters.JUnitReportReporter -->
<testsuite skipped="0" hostname="KISHORE" name="ssaapp.CheckBoxes1" tests="1" failures="0" timestamp="24 Mar 2017 03:15:03 GMT" time="17.040" errors="0">
  <testcase name="checkboxTest" time="17.040" classname="ssaapp.CheckBoxes1"/>
</testsuite> <!-- ssaapp.CheckBoxes1 -->
