<?xml version="1.0" encoding="UTF-8"?>
<!-- Generated by org.testng.reporters.JUnitReportReporter -->
<testsuite skipped="0" hostname="KISHORE" name="ssaapp.WebTablesgettingParticularcelldata" tests="1" failures="0" timestamp="03 Aug 2017 16:02:26 GMT" time="16.004" errors="0">
  <testcase name="dynamicTable" time="16.004" classname="ssaapp.WebTablesgettingParticularcelldata"/>
</testsuite> <!-- ssaapp.WebTablesgettingParticularcelldata -->
