<?xml version="1.0" encoding="UTF-8"?>
<!-- Generated by org.testng.reporters.JUnitReportReporter -->
<testsuite skipped="0" hostname="KISHORE" name="ssaapp.WebTablesTesting2" tests="1" failures="0" timestamp="01 Apr 2017 11:03:40 GMT" time="22.524" errors="0">
  <testcase name="dynamicTable" time="22.524" classname="ssaapp.WebTablesTesting2"/>
</testsuite> <!-- ssaapp.WebTablesTesting2 -->
