<?xml version="1.0" encoding="UTF-8"?>
<!-- Generated by org.testng.reporters.JUnitReportReporter -->
<testsuite skipped="0" hostname="KISHORE" name="JavaHomePractise.DataImport_POI" tests="1" failures="0" timestamp="03 Aug 2017 17:31:03 GMT" time="18.815" errors="0">
  <testcase name="testLogin" time="18.815" classname="JavaHomePractise.DataImport_POI"/>
</testsuite> <!-- JavaHomePractise.DataImport_POI -->
