<?xml version="1.0" encoding="UTF-8"?>
<!-- Generated by org.testng.reporters.JUnitReportReporter -->
<testsuite skipped="0" hostname="KISHORE" name="ssaapp.AutoIt3" tests="1" failures="0" timestamp="28 Mar 2017 17:25:53 GMT" time="0.022" errors="0">
  <testcase name="handlewindow" time="0.022" classname="ssaapp.AutoIt3"/>
</testsuite> <!-- ssaapp.AutoIt3 -->
