<?xml version="1.0" encoding="UTF-8"?>
<!-- Generated by org.testng.reporters.JUnitReportReporter -->
<testsuite skipped="0" hostname="KISHORE" name="JavaHomePractise.DataExport_POI" tests="1" failures="0" timestamp="03 Aug 2017 17:53:29 GMT" time="1.281" errors="0">
  <testcase name="dataExport" time="1.281" classname="JavaHomePractise.DataExport_POI"/>
</testsuite> <!-- JavaHomePractise.DataExport_POI -->
