<?xml version="1.0" encoding="UTF-8"?>
<!-- Generated by org.testng.reporters.JUnitReportReporter -->
<testsuite skipped="0" hostname="KISHORE" name="ssaapp.CheckBoxes" tests="2" failures="0" timestamp="24 Mar 2017 03:27:09 GMT" time="30.999" errors="0">
  <testcase name="checkboxTest1" time="12.732" classname="ssaapp.CheckBoxes"/>
  <testcase name="checkboxTest2" time="18.267" classname="ssaapp.CheckBoxes"/>
</testsuite> <!-- ssaapp.CheckBoxes -->
