<?xml version="1.0" encoding="UTF-8"?>
<!-- Generated by org.testng.reporters.JUnitReportReporter -->
<testsuite skipped="4" hostname="KISHORE" name="ssaapp.ScreenShots" tests="5" failures="0" timestamp="26 Mar 2017 06:43:46 GMT" time="8.888" errors="0">
  <testcase name="sswithdate" time="8.888" classname="ssaapp.ScreenShots"/>
  <testcase name="sswithlinknameanddate" classname="ssaapp.ScreenShots">
    <skipped/>
  </testcase> <!-- sswithlinknameanddate -->
  <testcase name="ssforalllinks" classname="ssaapp.ScreenShots">
    <skipped/>
  </testcase> <!-- ssforalllinks -->
  <testcase name="ssforgmail" classname="ssaapp.ScreenShots">
    <skipped/>
  </testcase> <!-- ssforgmail -->
  <testcase name="ssforlink" classname="ssaapp.ScreenShots">
    <skipped/>
  </testcase> <!-- ssforlink -->
</testsuite> <!-- ssaapp.ScreenShots -->
