<?xml version="1.0" encoding="UTF-8"?>
<!-- Generated by org.testng.reporters.JUnitReportReporter -->
<testsuite skipped="0" hostname="KISHORE" name="ssaapp.AjaxControls" tests="5" failures="0" timestamp="21 Mar 2017 03:58:31 GMT" time="61.874" errors="0">
  <testcase name="testAjax1" time="11.344" classname="ssaapp.AjaxControls"/>
  <testcase name="testAjax2" time="12.788" classname="ssaapp.AjaxControls"/>
  <testcase name="testAjax3" time="12.122" classname="ssaapp.AjaxControls"/>
  <testcase name="testSyncExplicit" time="9.604" classname="ssaapp.AjaxControls"/>
  <testcase name="syncronization" time="16.016" classname="ssaapp.AjaxControls"/>
</testsuite> <!-- ssaapp.AjaxControls -->
