<?xml version="1.0" encoding="UTF-8"?>
<!-- Generated by org.testng.reporters.JUnitReportReporter -->
<testsuite skipped="0" hostname="KISHORE" name="com.gmail.testcases.VerifyGmailLoginNew" tests="1" failures="0" timestamp="04 Apr 2017 10:56:37 GMT" time="31.790" errors="0">
  <testcase name="verifyLogin1" time="31.790" classname="com.gmail.testcases.VerifyGmailLoginNew"/>
</testsuite> <!-- com.gmail.testcases.VerifyGmailLoginNew -->
