<?xml version="1.0" encoding="UTF-8"?>
<!-- Generated by org.testng.reporters.JUnitReportReporter -->
<testsuite skipped="0" hostname="KISHORE" name="ssaapp.RadioButtons" tests="2" failures="0" timestamp="24 Mar 2017 04:19:08 GMT" time="40.841" errors="0">
  <testcase name="radiobutton" time="25.797" classname="ssaapp.RadioButtons"/>
  <testcase name="clinkingRadioButton" time="15.044" classname="ssaapp.RadioButtons"/>
</testsuite> <!-- ssaapp.RadioButtons -->
