<?xml version="1.0" encoding="UTF-8"?>
<!-- Generated by org.testng.reporters.JUnitReportReporter -->
<testsuite skipped="0" hostname="KISHORE" name="ssaapp.FramesTesting" tests="3" failures="0" timestamp="30 Jul 2017 13:40:18 GMT" time="33.137" errors="0">
  <testcase name="clickingFrame" time="9.649" classname="ssaapp.FramesTesting"/>
  <testcase name="singleFrame" time="15.301" classname="ssaapp.FramesTesting"/>
  <testcase name="testMultiFrame" time="8.187" classname="ssaapp.FramesTesting"/>
</testsuite> <!-- ssaapp.FramesTesting -->
