<?xml version="1.0" encoding="UTF-8"?>
<!-- Generated by org.testng.reporters.JUnitReportReporter -->
<testsuite skipped="0" hostname="KISHORE" name="JavaHomePractise.DataImport_JXL" tests="1" failures="0" timestamp="03 Apr 2017 10:49:41 GMT" time="21.501" errors="0">
  <testcase name="testLogin" time="21.501" classname="JavaHomePractise.DataImport_JXL"/>
</testsuite> <!-- JavaHomePractise.DataImport_JXL -->
