<?xml version="1.0" encoding="UTF-8"?>
<!-- Generated by org.testng.reporters.JUnitReportReporter -->
<testsuite skipped="0" hostname="KISHORE" name="JavaHomePractise.AutocompleteMouseover" tests="5" failures="0" timestamp="26 Mar 2017 07:44:57 GMT" time="72.270" errors="0">
  <testcase name="autocomplete" time="11.023" classname="JavaHomePractise.AutocompleteMouseover"/>
  <testcase name="MoveToelement" time="8.479" classname="JavaHomePractise.AutocompleteMouseover"/>
  <testcase name="DragAnddrop" time="13.449" classname="JavaHomePractise.AutocompleteMouseover"/>
  <testcase name="slider" time="11.691" classname="JavaHomePractise.AutocompleteMouseover"/>
  <testcase name="Browserslider" time="27.628" classname="JavaHomePractise.AutocompleteMouseover"/>
</testsuite> <!-- JavaHomePractise.AutocompleteMouseover -->
