<?xml version="1.0" encoding="UTF-8"?>
<!-- Generated by org.testng.reporters.JUnitReportReporter -->
<testsuite skipped="0" hostname="KISHORE" name="ssaapp.BootStrapDropDown" tests="2" failures="0" timestamp="21 Mar 2017 06:50:35 GMT" time="33.732" errors="0">
  <testcase name="bootStrapDropDown" time="23.266" classname="ssaapp.BootStrapDropDown"/>
  <testcase name="multiDropDown" time="10.466" classname="ssaapp.BootStrapDropDown"/>
</testsuite> <!-- ssaapp.BootStrapDropDown -->
