<?xml version="1.0" encoding="UTF-8"?>
<!-- Generated by org.testng.reporters.JUnitReportReporter -->
<testsuite skipped="0" hostname="KISHORE" name="ssaapp.WebTables" tests="1" failures="0" timestamp="03 Aug 2017 14:47:26 GMT" time="17.737" errors="0">
  <testcase name="dynamicTable" time="17.737" classname="ssaapp.WebTables"/>
</testsuite> <!-- ssaapp.WebTables -->
