<?xml version="1.0" encoding="UTF-8"?>
<!-- Generated by org.testng.reporters.JUnitReportReporter -->
<testsuite skipped="8" hostname="KISHORE" name="ssaapp.DropdownVerifications" tests="9" failures="0" timestamp="31 Mar 2017 07:39:44 GMT" time="34.155" errors="0">
  <testcase name="countryitemsSelection1" time="34.155" classname="ssaapp.DropdownVerifications"/>
  <testcase name="amezonsearchDropdown" classname="ssaapp.DropdownVerifications">
    <skipped/>
  </testcase> <!-- amezonsearchDropdown -->
  <testcase name="singleDropDown" classname="ssaapp.DropdownVerifications">
    <skipped/>
  </testcase> <!-- singleDropDown -->
  <testcase name="amezonsearchDropdown2" classname="ssaapp.DropdownVerifications">
    <skipped/>
  </testcase> <!-- amezonsearchDropdown2 -->
  <testcase name="twoDropdownSelection2" classname="ssaapp.DropdownVerifications">
    <skipped/>
  </testcase> <!-- twoDropdownSelection2 -->
  <testcase name="countryitemsSelection2" classname="ssaapp.DropdownVerifications">
    <skipped/>
  </testcase> <!-- countryitemsSelection2 -->
  <testcase name="amazonsearchdropdownprinting2" classname="ssaapp.DropdownVerifications">
    <skipped/>
  </testcase> <!-- amazonsearchdropdownprinting2 -->
  <testcase name="twoDropdownSelection1" classname="ssaapp.DropdownVerifications">
    <skipped/>
  </testcase> <!-- twoDropdownSelection1 -->
  <testcase name="amazonsearchdropdownprinting" classname="ssaapp.DropdownVerifications">
    <skipped/>
  </testcase> <!-- amazonsearchdropdownprinting -->
</testsuite> <!-- ssaapp.DropdownVerifications -->
