<?xml version="1.0" encoding="UTF-8"?>
<!-- Generated by org.testng.reporters.JUnitReportReporter -->
<testsuite skipped="0" hostname="KISHORE" name="ssaapp.BrokenLink" tests="1" failures="0" timestamp="18 Mar 2017 10:19:59 GMT" time="89.823" errors="0">
  <testcase name="brokenLinks" time="89.823" classname="ssaapp.BrokenLink"/>
</testsuite> <!-- ssaapp.BrokenLink -->
